
> smartlifesim-frontend@0.0.1 dev
> vite --host 127.0.0.1 --port 5173


  [32m[1mVITE[22m v5.4.21[39m  [2mready in [0m[1m1914[22m[2m[0m ms[22m

  [32m➜[39m  [1mLocal[22m:   [36mhttp://127.0.0.1:[1m5173[22m/[39m
[2m9:41:19 pm[22m [36m[1m[vite][22m[39m [32mhmr update [39m[2m/src/Scene.jsx, /src/Agent.jsx[22m
[2m9:43:39 pm[22m [36m[1m[vite][22m[39m [32mhmr update [39m[2m/src/RoadSystem.jsx[22m
[2m9:44:10 pm[22m [36m[1m[vite][22m[39m [32mhmr update [39m[2m/src/Vehicle.jsx[22m
[2m9:44:34 pm[22m [36m[1m[vite][22m[39m [32mhmr update [39m[2m/src/NPC.jsx[22m
[2m9:45:21 pm[22m [36m[1m[vite][22m[39m [32mhmr update [39m[2m/src/Scene.jsx[22m
[2m9:45:36 pm[22m [36m[1m[vite][22m[39m [32mhmr update [39m[2m/src/CameraController.jsx[22m
[2m9:46:00 pm[22m [36m[1m[vite][22m[39m [32mhmr update [39m[2m/src/Agent.jsx[22m
[2m9:46:13 pm[22m [36m[1m[vite][22m[39m [32mhmr update [39m[2m/src/style.css[22m
[2m9:51:38 pm[22m [36m[1m[vite][22m[39m [32mhmr update [39m[2m/src/components/Home.jsx[22m
[2m9:52:05 pm[22m [36m[1m[vite][22m[39m [32mhmr update [39m[2m/src/components/Office.jsx[22m
[2m9:52:27 pm[22m [36m[1m[vite][22m[39m [32mhmr update [39m[2m/src/components/Hospital.jsx[22m
[2m9:53:00 pm[22m [36m[1m[vite][22m[39m [32mhmr update [39m[2m/src/Farm.jsx[22m
[2m9:53:18 pm[22m [36m[1m[vite][22m[39m [32mhmr update [39m[2m/src/Scene.jsx[22m
[2m9:53:37 pm[22m [36m[1m[vite][22m[39m [32mhmr update [39m[2m/src/CameraController.jsx[22m
[2m9:53:45 pm[22m [36m[1m[vite][22m[39m [32mhmr update [39m[2m/src/Scene.jsx[22m
[2m10:15:12 pm[22m [36m[1m[vite][22m[39m [32mhmr update [39m[2m/src/Scene.jsx, /src/Agent.jsx[22m
[2m10:16:05 pm[22m [36m[1m[vite][22m[39m [32mhmr update [39m[2m/src/App.jsx[22m
[2m10:16:13 pm[22m [36m[1m[vite][22m[39m [32mhmr update [39m[2m/src/components/ActionButtons.jsx[22m
[2m10:16:58 pm[22m [36m[1m[vite][22m[39m [32mhmr update [39m[2m/src/Agent.jsx[22m
[2m10:17:19 pm[22m [36m[1m[vite][22m[39m [32mhmr update [39m[2m/src/Agent.jsx[22m
[2m10:17:48 pm[22m [36m[1m[vite][22m[39m [32mhmr update [39m[2m/src/CameraController.jsx[22m
[2m10:17:58 pm[22m [36m[1m[vite][22m[39m [32mhmr update [39m[2m/src/CameraController.jsx[22m
[2m10:19:19 pm[22m [36m[1m[vite][22m[39m [32mhmr update [39m[2m/src/Scene.jsx[22m
[2m10:21:46 pm[22m [36m[1m[vite][22m[39m [32mhmr update [39m[2m/src/App.jsx[22m
[2m10:22:13 pm[22m [36m[1m[vite][22m[39m [32mhmr update [39m[2m/src/CameraController.jsx[22m
[2m10:22:42 pm[22m [36m[1m[vite][22m[39m [32mhmr update [39m[2m/src/App.jsx[22m
[2m10:28:56 pm[22m [36m[1m[vite][22m[39m [32mhmr update [39m[2m/src/App.jsx, /src/Agent.jsx[22m
[2m10:29:41 pm[22m [36m[1m[vite][22m[39m [32mhmr update [39m[2m/src/App.jsx[22m
[2m10:30:04 pm[22m [36m[1m[vite][22m[39m [32mhmr update [39m[2m/src/App.jsx[22m
[2m10:30:13 pm[22m [36m[1m[vite][22m[39m [32mhmr update [39m[2m/src/Scene.jsx[22m
[2m10:30:24 pm[22m [36m[1m[vite][22m[39m [32mhmr update [39m[2m/src/CameraController.jsx[22m
[2m10:30:34 pm[22m [36m[1m[vite][22m[39m [32mhmr update [39m[2m/src/Agent.jsx[22m
[2m10:34:44 pm[22m [36m[1m[vite][22m[39m [32mhmr update [39m[2m/src/App.jsx[22m
[2m10:34:53 pm[22m [36m[1m[vite][22m[39m [32mhmr update [39m[2m/src/App.jsx, /src/Agent.jsx[22m
[2m10:43:23 pm[22m [36m[1m[vite][22m[39m [32mhmr update [39m[2m/src/CameraController.jsx[22m
[2m10:47:35 pm[22m [36m[1m[vite][22m[39m [32mhmr update [39m[2m/src/CameraController.jsx[22m
[2m10:51:44 pm[22m [36m[1m[vite][22m[39m [32mhmr update [39m[2m/src/Scene.jsx, /src/Agent.jsx, /src/App.jsx[22m
